c:\users\administrator\desktop\ceehw\debug\vc142.pdb
c:\users\administrator\desktop\ceehw\debug\vc142.idb
c:\users\administrator\desktop\ceehw\debug\femtest.obj
c:\users\administrator\desktop\ceehw\debug\solver.obj
c:\users\administrator\desktop\ceehw\debug\meshtest.obj
c:\users\administrator\desktop\ceehw\debug\mesh.obj
c:\users\administrator\desktop\ceehw\debug\matrixtest.obj
c:\users\administrator\desktop\ceehw\debug\matrix.obj
c:\users\administrator\desktop\ceehw\debug\main.obj
c:\users\administrator\desktop\ceehw\debug\io.obj
c:\users\administrator\desktop\ceehw\debug\poisson2dfem.obj
c:\users\administrator\desktop\ceehw\debug\delaunaytriangulation.obj
c:\users\administrator\desktop\ceehw\debug\femmain.obj
c:\users\administrator\desktop\ceehw\debug\translator.obj
c:\users\administrator\desktop\ceehw\debug\model.obj
c:\users\administrator\desktop\ceehw\debug\homework.exe
c:\users\administrator\desktop\ceehw\debug\homework.ilk
c:\users\administrator\desktop\ceehw\debug\homework.pdb
c:\users\administrator\desktop\ceehw\debug\homework.tlog\cl.command.1.tlog
c:\users\administrator\desktop\ceehw\debug\homework.tlog\cl.read.1.tlog
c:\users\administrator\desktop\ceehw\debug\homework.tlog\cl.write.1.tlog
c:\users\administrator\desktop\ceehw\debug\homework.tlog\link.command.1.tlog
c:\users\administrator\desktop\ceehw\debug\homework.tlog\link.read.1.tlog
c:\users\administrator\desktop\ceehw\debug\homework.tlog\link.write.1.tlog
